<?xml version="1.0" encoding="UTF-8"?>
<!-- Generated by org.testng.reporters.JUnitReportReporter -->
<testsuite hostname="Sais-MacBook-Pro.local" failures="0" tests="13" name="MyRunner.TestRunner" time="278.678" errors="0" timestamp="2022-05-26T14:43:20 IST" skipped="0">
  <testcase classname="MyRunner.TestRunner" name="runScenario" time="15.631"/>
  <system-out/>
  <testcase classname="MyRunner.TestRunner" name="runScenario" time="24.221"/>
  <system-out/>
  <testcase classname="MyRunner.TestRunner" name="runScenario" time="17.526"/>
  <system-out/>
  <testcase classname="MyRunner.TestRunner" name="runScenario" time="14.683"/>
  <system-out/>
  <testcase classname="MyRunner.TestRunner" name="runScenario" time="10.701"/>
  <system-out/>
  <testcase classname="MyRunner.TestRunner" name="runScenario" time="98.861"/>
  <system-out/>
  <testcase classname="MyRunner.TestRunner" name="runScenario" time="8.248"/>
  <system-out/>
  <testcase classname="MyRunner.TestRunner" name="runScenario" time="13.013"/>
  <system-out/>
  <testcase classname="MyRunner.TestRunner" name="runScenario" time="10.180"/>
  <system-out/>
  <testcase classname="MyRunner.TestRunner" name="runScenario" time="13.876"/>
  <system-out/>
  <testcase classname="MyRunner.TestRunner" name="runScenario" time="20.702"/>
  <system-out/>
  <testcase classname="MyRunner.TestRunner" name="runScenario" time="10.246"/>
  <system-out/>
  <testcase classname="MyRunner.TestRunner" name="runScenario" time="20.790"/>
  <system-out/>
</testsuite> <!-- MyRunner.TestRunner -->
