<?xml version="1.0" encoding="UTF-8"?>
<!-- Generated by org.testng.reporters.JUnitReportReporter -->
<testsuite hostname="Sais-MacBook-Pro.local" failures="0" tests="6" name="newDemo.Multipletestcases" time="70.875" errors="0" timestamp="2022-05-09T13:05:51 IST" skipped="0">
  <testcase classname="newDemo.Multipletestcases" name="checkbox" time="33.230"/>
  <system-out>
    <![CDATA[checkboxes are performed]]>
  </system-out>
  <testcase classname="newDemo.Multipletestcases" name="run" time="8.238"/>
  <system-out>
    <![CDATA[verify A/B testing]]>
  </system-out>
  <testcase classname="newDemo.Multipletestcases" name="control" time="7.135"/>
  <system-out>
    <![CDATA[Dynamic contyrolles are working fine]]>
  </system-out>
  <testcase classname="newDemo.Multipletestcases" name="ele" time="9.234"/>
  <system-out>
    <![CDATA[it will return home]]>
  </system-out>
  <testcase classname="newDemo.Multipletestcases" name="Auth" time="7.252"/>
  <system-out>
    <![CDATA[Auth can be performed]]>
  </system-out>
  <testcase classname="newDemo.Multipletestcases" name="add" time="5.786"/>
  <system-out>
    <![CDATA[it will add and delete button]]>
  </system-out>
</testsuite> <!-- newDemo.Multipletestcases -->
